
Running self-nucmer on /data/djs217/PROJECTS/48_Xci/xci/03_workdir/files/WHRI_5212_Xcc_Race_3.fna
[RUNNING:] nucmer --maxmatch --nosimplify --prefix=seq_seq1262125 /data/djs217/PROJECTS/48_Xci/xci/03_workdir/files/WHRI_5212_Xcc_Race_3.fna /data/djs217/PROJECTS/48_Xci/xci/03_workdir/files/WHRI_5212_Xcc_Race_3.fna 2>/dev/null
[RUNNING:] show-coords -r -I 97 -L 75 -T seq_seq1262125.delta | awk '$1 != $3 || $2 != $4 && $8==$9 {print}' > seq_seq1262125.coords

Repeat coords for all references found.
Self-NUCmer complete
==================================================================
Aligning to the reference genome /data/djs217/PROJECTS/48_Xci/xci/03_workdir/files/WHRI_5212_Xcc_Race_3.fna

Running nucmer on WHRI_5212_Xcc_Race_3_WHRI_5212_Xcc_Race_3

NUCmer on all reference genomes complete.
==================================================================

runContigNUCmer.pl -r /data/djs217/PROJECTS/48_Xci/xci/03_workdir/files/WHRI_5212_Xcc_Race_3.fna -q /data/djs217/PROJECTS/48_Xci/xci/03_workdir -d /data/djs217/PROJECTS/48_Xci/xci/03_workdir/results -l /data/djs217/PROJECTS/48_Xci/xci/03_workdir/contigs_list.txt -t 1 -y 2 2>>/data/djs217/PROJECTS/48_Xci/xci/03_workdir/results/xci_project_fastree.error >> /data/djs217/PROJECTS/48_Xci/xci/03_workdir/results/xci_project_fastree.log


Using given reference:  /data/djs217/PROJECTS/48_Xci/xci/03_workdir/files/WHRI_5212_Xcc_Race_3.fna
Running nucmer on WHRI_5212_Xcc_Race_3_WHRI_6490_Xcr_Race_1_contig
Running nucmer on WHRI_5212_Xcc_Race_3_WHRI_6087_contig
Running nucmer on WHRI_5212_Xcc_Race_3_WHRI_10255_Xce_contig
Running nucmer on WHRI_5212_Xcc_Race_3_45837_campestris_contig
Running nucmer on WHRI_5212_Xcc_Race_3_WHRI_10219C_Xce_contig
Running nucmer on WHRI_5212_Xcc_Race_3_WHRI_8520_barbareae_contig
Running nucmer on WHRI_5212_Xcc_Race_3_WHRI_6195_Xcc_Race_1_contig
Running nucmer on WHRI_5212_Xcc_Race_3_WHRI_6519_Xcr_Race_3_contig
Running nucmer on WHRI_5212_Xcc_Race_3_5053_contig
Running nucmer on WHRI_5212_Xcc_Race_3_10103_campestris_contig
Running nucmer on WHRI_5212_Xcc_Race_3_609_raphani_contig
Running nucmer on WHRI_5212_Xcc_Race_3_40_2_campestris_contig
Running nucmer on WHRI_5212_Xcc_Race_3_11085_campestris_contig
Running nucmer on WHRI_5212_Xcc_Race_3_WHRI_10253_Xce_contig
Running nucmer on WHRI_5212_Xcc_Race_3_WHRI_8527_contig
Running nucmer on WHRI_5212_Xcc_Race_3_WHRI_8892A_contig
Running nucmer on WHRI_5212_Xcc_Race_3_12049_campestris_contig
Running nucmer on WHRI_5212_Xcc_Race_3_CFBP1371_incanae_contig
Running nucmer on WHRI_5212_Xcc_Race_3_WHRI_3777A_Xce_contig
Running nucmer on WHRI_5212_Xcc_Race_3_42_2_campestris_contig
Running nucmer on WHRI_5212_Xcc_Race_3_WHRI_8473_Xce_contig
Running nucmer on WHRI_5212_Xcc_Race_3_WHRI_8298_Xcr_Race_1_contig
Running nucmer on WHRI_5212_Xcc_Race_3_WHRI_10038_Xce_contig
Running nucmer on WHRI_5212_Xcc_Race_3_33_5_campestris_contig
Running nucmer on WHRI_5212_Xcc_Race_3_45885_incanae_contig
